\BOOKMARK [1][-]{section.1}{Introduction}{}% 1
\BOOKMARK [1][-]{section.2}{Etat de l'art}{}% 2
\BOOKMARK [2][-]{subsection.2.1}{Evolution logiciel et refactoring}{section.2}% 3
\BOOKMARK [2][-]{subsection.2.2}{Les gestionnaires de version}{section.2}% 4
\BOOKMARK [2][-]{subsection.2.3}{``Origin Analysis''}{section.2}% 5
\BOOKMARK [2][-]{subsection.2.4}{M\351triques de proc\351d\351s et \351volution logiciel}{section.2}% 6
\BOOKMARK [2][-]{subsection.2.5}{M\351triques et renommages}{section.2}% 7
\BOOKMARK [1][-]{section.3}{Probl\351matique}{}% 8
\BOOKMARK [1][-]{section.4}{Premi\350re analyse \340 fine granularit\351}{}% 9
\BOOKMARK [1][-]{section.5}{Un mod\350le}{}% 10
\BOOKMARK [1][-]{section.6}{Un corpus de projets}{}% 11
\BOOKMARK [1][-]{section.7}{Analyse \340 gros grain}{}% 12
\BOOKMARK [2][-]{subsection.7.1}{Premi\350re experience}{section.7}% 13
\BOOKMARK [2][-]{subsection.7.2}{Deuxi\350me exp\351rience}{section.7}% 14
\BOOKMARK [3][-]{subsubsection.7.2.1}{Calcul des m\351triques}{subsection.7.2}% 15
\BOOKMARK [3][-]{subsubsection.7.2.2}{Calcul de corr\351lation}{subsection.7.2}% 16
\BOOKMARK [1][-]{section.8}{R\351sultats}{}% 17
\BOOKMARK [2][-]{subsection.8.1}{R\351sultats de la premi\350re exp\351rience}{section.8}% 18
\BOOKMARK [2][-]{subsection.8.2}{R\351sultats de la deuxi\350me exp\351rience}{section.8}% 19
\BOOKMARK [2][-]{subsection.8.3}{v\351rifications}{section.8}% 20
\BOOKMARK [1][-]{section.9}{Conclusion}{}% 21
\BOOKMARK [1][-]{section*.10}{Annexes}{}% 22
